[2026-06-24 07:59:58 UTC] [cloud_healer] closing_odds: status=stale — triggere closing_odds.yml
[2026-06-24 07:59:59 UTC] [cloud_healer] closing_odds: erfolgreich ausgelöst
[2026-06-24 11:14:08 UTC] [cloud_healer] closing_odds: status=stale — triggere closing_odds.yml
[2026-06-24 11:14:10 UTC] [cloud_healer] closing_odds: erfolgreich ausgelöst
[2026-06-24 11:14:10 UTC] [cloud_healer] live_score_push: status=stale — triggere live_score_push.yml
[2026-06-24 11:14:12 UTC] [cloud_healer] live_score_push: erfolgreich ausgelöst
[2026-06-24 11:14:12 UTC] [cloud_healer] prematch_scan: status=stale — triggere prematch_scan.yml
[2026-06-24 11:14:14 UTC] [cloud_healer] prematch_scan: erfolgreich ausgelöst
[2026-06-24 11:14:14 UTC] [cloud_healer] settle: status=stale — triggere settle.yml
[2026-06-24 11:14:16 UTC] [cloud_healer] settle: erfolgreich ausgelöst
[2026-06-24 13:38:54 UTC] [cloud_healer] closing_odds: status=stale — triggere closing_odds.yml
[2026-06-24 13:38:55 UTC] [cloud_healer] closing_odds: erfolgreich ausgelöst
[2026-06-24 13:38:56 UTC] [cloud_healer] live_score_push: status=stale — triggere live_score_push.yml
[2026-06-24 13:38:57 UTC] [cloud_healer] live_score_push: erfolgreich ausgelöst
[2026-06-24 13:38:57 UTC] [cloud_healer] prematch_scan: status=stale — triggere prematch_scan.yml
[2026-06-24 13:38:59 UTC] [cloud_healer] prematch_scan: erfolgreich ausgelöst
[2026-06-24 18:20:02 UTC] [cloud_healer] live_score_push: status=stale — triggere live_score_push.yml
[2026-06-24 18:20:04 UTC] [cloud_healer] live_score_push: erfolgreich ausgelöst
[2026-06-24 18:20:04 UTC] [cloud_healer] prematch_scan: status=stale — triggere prematch_scan.yml
[2026-06-24 18:20:05 UTC] [cloud_healer] prematch_scan: erfolgreich ausgelöst
[2026-06-24 20:19:50 UTC] [cloud_healer] live_score_push: status=stale — triggere live_score_push.yml
[2026-06-24 20:19:51 UTC] [cloud_healer] live_score_push: erfolgreich ausgelöst
[2026-06-24 20:19:52 UTC] [cloud_healer] prematch_scan: status=stale — triggere prematch_scan.yml
[2026-06-24 20:19:53 UTC] [cloud_healer] prematch_scan: erfolgreich ausgelöst
[2026-06-24 21:55:52 UTC] [cloud_healer] live_score_push: status=stale — triggere live_score_push.yml
[2026-06-24 21:55:53 UTC] [cloud_healer] live_score_push: erfolgreich ausgelöst
[2026-06-24 21:55:54 UTC] [cloud_healer] prematch_scan: status=stale — triggere prematch_scan.yml
[2026-06-24 21:55:55 UTC] [cloud_healer] prematch_scan: erfolgreich ausgelöst
[2026-06-25 01:33:13 UTC] [cloud_healer] live_score_push: status=stale — triggere live_score_push.yml
[2026-06-25 01:33:14 UTC] [cloud_healer] live_score_push: erfolgreich ausgelöst
