[2026-06-20 05:25:49 UTC] [layer2] settle degraded/fallback (espn) — monitoring
[2026-06-20 05:25:49 UTC] [layer2] live_score_push transient (Mac launchd overdue) — no action
[2026-06-20 05:25:49 UTC] [layer2] aggregate_health transient (Mac launchd overdue) — no action
[2026-06-20 05:25:49 UTC] [layer2] prematch_scan transient (outside match window 02:00 UTC) — no action
[2026-06-20 05:26:10 UTC] [layer2] live_score_push transient (Mac sleeping overnight, launchd paused) — no action
[2026-06-20 05:26:10 UTC] [layer2] aggregate_health transient (Mac sleeping overnight, launchd paused) — no action
[2026-06-20 05:26:10 UTC] [layer2] prematch_scan transient (outside match window 03:23 UTC) — no action
[2026-06-20 07:27:31 UTC] [auto_heal_ai] analyzing closing_odds (status=stale, fallback=None)
[2026-06-20 07:27:35 UTC] [auto_heal_ai] closing_odds: response → TRANSIENT: No log file available; cron job 'closing_odds' has stale health status with no fallback active. This indicate
[2026-06-20 07:27:35 UTC] [auto_heal_ai] closing_odds: transient — no action. TRANSIENT: No log file available; cron job 'closing_odds' has stale health status with no fallback active. This indicates a recent execution failure (network timeout, API unavailability, or connectivity issue) without logged error details. Requires log inspection on next run or manual trigger to diagnose.
[2026-06-20 07:27:35 UTC] [auto_heal_ai] analyzing prematch_scan (status=stale, fallback=None)
[2026-06-20 07:27:36 UTC] [auto_heal_ai] prematch_scan: response → UNCLEAR: No log file available to diagnose root cause. The 'stale' health status with no fallback active indicates the j
[2026-06-20 07:27:36 UTC] [auto_heal_ai] prematch_scan: unclear — pushing notification
[2026-06-20 12:31:58 CEST] [auto_heal] 1 commit(s) not pushed — running _git_safe_push.sh
[2026-06-20 11:08:36 UTC] [layer2] closing_odds transient (awaiting scheduled 14:00 UTC run, last ok at 16:00Z yesterday) — no action
[2026-06-20 11:08:36 UTC] [layer2] aggregate_health transient (huckepack stale <15min, live_score_push ran at 11:04Z) — no action
[2026-06-20 11:09:54 UTC] [auto_heal_ai] analyzing closing_odds (status=stale, fallback=None)
[2026-06-20 11:09:57 UTC] [auto_heal_ai] closing_odds: response → UNCLEAR: No log file available to diagnose the root cause. The 'closing_odds' cron job has stale health status without a
[2026-06-20 11:09:57 UTC] [auto_heal_ai] closing_odds: unclear — pushing notification
[2026-06-20 13:11:05 CEST] [auto_heal] 1 commit(s) not pushed — running _git_safe_push.sh
[2026-06-20 13:21:06 CEST] [auto_heal] 1 commit(s) not pushed — running _git_safe_push.sh
[2026-06-20 11:23:23 UTC] [layer2] prematch_scan transient (outside match window, duration=0s expected) — no action
[2026-06-20 11:24:57 UTC] [auto_heal_ai] analyzing closing_odds (status=stale, fallback=None)
[2026-06-20 11:24:59 UTC] [auto_heal_ai] closing_odds: response → TRANSIENT: No log file available; stale health status with no fallback indicates the job failed to run or complete withi
[2026-06-20 11:24:59 UTC] [auto_heal_ai] closing_odds: transient — no action. TRANSIENT: No log file available; stale health status with no fallback indicates the job failed to run or complete within the expected interval, likely due to a temporary issue such as network timeout, API unavailability, or service interruption.
[2026-06-20 12:03:19 UTC] [cloud_healer] closing_odds: status=stale — triggere closing_odds.yml
[2026-06-20 12:03:20 UTC] [cloud_healer] closing_odds: erfolgreich ausgelöst
[2026-06-20 14:53:58 UTC] [cloud_healer] live_score_push: status=stale — triggere live_score_push.yml
[2026-06-20 14:53:59 UTC] [cloud_healer] live_score_push: erfolgreich ausgelöst
[2026-06-20 15:55:11 UTC] [auto_heal_ai] analyzing prematch_scan (status=degraded, fallback=espn)
[2026-06-20 15:55:15 UTC] [auto_heal_ai] prematch_scan: response → DEGRADED_OK: Fallback to ESPN is active and functioning. The primary data source is unavailable, but the job is operatin
[2026-06-20T16:01:27Z] [layer2] prematch_scan degraded/fallback (espn) — monitoring
[2026-06-20 16:25:59 UTC] [cloud_healer] live_score_push: status=stale — triggere live_score_push.yml
[2026-06-20 16:26:00 UTC] [cloud_healer] live_score_push: erfolgreich ausgelöst
[2026-06-20 16:26:00 UTC] [cloud_healer] prematch_scan: status=stale — triggere prematch_scan.yml
[2026-06-20 16:26:01 UTC] [cloud_healer] prematch_scan: erfolgreich ausgelöst
[2026-06-20 16:26:02 UTC] [cloud_healer] settle: status=stale — triggere settle.yml
[2026-06-20 16:26:03 UTC] [cloud_healer] settle: erfolgreich ausgelöst
[2026-06-20 17:56:11 UTC] [cloud_healer] live_score_push: status=stale — triggere live_score_push.yml
[2026-06-20 17:56:12 UTC] [cloud_healer] live_score_push: erfolgreich ausgelöst
[2026-06-20 17:56:12 UTC] [cloud_healer] prematch_scan: status=stale — triggere prematch_scan.yml
[2026-06-20 17:56:14 UTC] [cloud_healer] prematch_scan: erfolgreich ausgelöst
[2026-06-20 19:49:22 UTC] [cloud_healer] live_score_push: status=stale — triggere live_score_push.yml
[2026-06-20 19:49:23 UTC] [cloud_healer] live_score_push: erfolgreich ausgelöst
[2026-06-20 19:49:24 UTC] [cloud_healer] prematch_scan: status=stale — triggere prematch_scan.yml
[2026-06-20 19:49:25 UTC] [cloud_healer] prematch_scan: erfolgreich ausgelöst
[2026-06-20 19:49:25 UTC] [cloud_healer] settle: status=stale — triggere settle.yml
[2026-06-20 19:49:26 UTC] [cloud_healer] settle: erfolgreich ausgelöst
[2026-06-20 21:24:28 UTC] [cloud_healer] live_score_push: Workflow bereits aktiv (in_progress) — übersprungen
[2026-06-20 21:24:28 UTC] [cloud_healer] prematch_scan: status=stale — triggere prematch_scan.yml
[2026-06-20 21:24:29 UTC] [cloud_healer] prematch_scan: erfolgreich ausgelöst
[2026-06-20 21:24:29 UTC] [cloud_healer] settle: status=stale — triggere settle.yml
[2026-06-20 21:24:30 UTC] [cloud_healer] settle: erfolgreich ausgelöst
[2026-06-20 22:45:19 UTC] [cloud_healer] live_score_push: status=stale — triggere live_score_push.yml
[2026-06-20 22:45:20 UTC] [cloud_healer] live_score_push: erfolgreich ausgelöst
[2026-06-20 22:45:21 UTC] [cloud_healer] prematch_scan: status=stale — triggere prematch_scan.yml
[2026-06-20 22:45:22 UTC] [cloud_healer] prematch_scan: erfolgreich ausgelöst
[2026-06-21 00:16:46 UTC] [cloud_healer] live_score_push: Workflow bereits aktiv (in_progress) — übersprungen
[2026-06-21 00:16:46 UTC] [cloud_healer] prematch_scan: status=stale — triggere prematch_scan.yml
[2026-06-21 00:16:47 UTC] [cloud_healer] prematch_scan: erfolgreich ausgelöst
[2026-06-21 05:27:38 UTC] [cloud_healer] live_score_push: status=stale — triggere live_score_push.yml
[2026-06-21 05:27:39 UTC] [cloud_healer] live_score_push: erfolgreich ausgelöst
[2026-06-21 05:27:39 UTC] [cloud_healer] prematch_scan: status=stale — triggere prematch_scan.yml
[2026-06-21 05:27:40 UTC] [cloud_healer] prematch_scan: erfolgreich ausgelöst
[2026-06-21 05:27:40 UTC] [cloud_healer] settle: status=stale — triggere settle.yml
[2026-06-21 05:27:41 UTC] [cloud_healer] settle: erfolgreich ausgelöst
[2026-06-21 09:10:07 UTC] [cloud_healer] live_score_push: status=stale — triggere live_score_push.yml
[2026-06-21 09:10:08 UTC] [cloud_healer] live_score_push: erfolgreich ausgelöst
[2026-06-21 09:10:09 UTC] [cloud_healer] prematch_scan: status=stale — triggere prematch_scan.yml
[2026-06-21 09:10:10 UTC] [cloud_healer] prematch_scan: erfolgreich ausgelöst
[2026-06-21 09:10:10 UTC] [cloud_healer] settle: status=stale — triggere settle.yml
[2026-06-21 09:10:11 UTC] [cloud_healer] settle: erfolgreich ausgelöst
[2026-06-21 12:00:19 UTC] [cloud_healer] closing_odds: status=stale — triggere closing_odds.yml
[2026-06-21 12:00:20 UTC] [cloud_healer] closing_odds: erfolgreich ausgelöst
[2026-06-21 12:00:21 UTC] [cloud_healer] live_score_push: status=stale — triggere live_score_push.yml
[2026-06-21 12:00:22 UTC] [cloud_healer] live_score_push: erfolgreich ausgelöst
[2026-06-21 12:00:22 UTC] [cloud_healer] prematch_scan: status=stale — triggere prematch_scan.yml
[2026-06-21 12:00:23 UTC] [cloud_healer] prematch_scan: erfolgreich ausgelöst
[2026-06-21 12:00:23 UTC] [cloud_healer] settle: status=stale — triggere settle.yml
[2026-06-21 12:00:24 UTC] [cloud_healer] settle: erfolgreich ausgelöst
[2026-06-21 14:51:47 UTC] [auto_heal_ai] analyzing prematch_scan (status=degraded, fallback=espn)
[2026-06-21 14:51:50 UTC] [auto_heal_ai] prematch_scan: response → DEGRADED_OK: Fallback to ESPN is active, indicating primary data source (likely a preferred sports API) is unavailable o
[2026-06-21T14:53:11Z] [layer2] prematch_scan degraded/fallback (espn) — monitoring
[2026-06-21 20:14:24 UTC] [cloud_healer] live_score_push: Workflow bereits aktiv (in_progress) — übersprungen
[2026-06-21 21:57:08 UTC] [cloud_healer] live_score_push: Workflow bereits aktiv (in_progress) — übersprungen
[2026-06-21 21:57:08 UTC] [cloud_healer] prematch_scan: status=stale — triggere prematch_scan.yml
[2026-06-21 21:57:09 UTC] [cloud_healer] prematch_scan: erfolgreich ausgelöst
[2026-06-22 01:17:43 CEST] [auto_heal] 2 commit(s) not pushed — running _git_safe_push.sh
[2026-06-22 01:27:43 CEST] [auto_heal] 2 commit(s) not pushed — running _git_safe_push.sh
[2026-06-22 01:37:43 CEST] [auto_heal] 2 commit(s) not pushed — running _git_safe_push.sh
[2026-06-22 01:47:43 CEST] [auto_heal] 2 commit(s) not pushed — running _git_safe_push.sh
[2026-06-22 01:57:44 CEST] [auto_heal] 2 commit(s) not pushed — running _git_safe_push.sh
[2026-06-22 00:07:13 UTC] [auto_heal_ai] analyzing prematch_scan (status=degraded, fallback=espn)
[2026-06-22 00:07:15 UTC] [auto_heal_ai] prematch_scan: response → DEGRADED_OK: Fallback to ESPN is active and functioning. Primary data source unavailable but job is operating normally v
[2026-06-22T00:08:22Z] [layer2] prematch_scan degraded/fallback (espn) — monitoring
[2026-06-22T00:23:06Z] [layer2] prematch_scan degraded/fallback (espn) — monitoring
[2026-06-22T05:28:26Z] [layer2] closing_odds transient (overdue, exit_code=0 — cron schedule lag, cloud_healer handles) — no action
[2026-06-22T05:28:26Z] [layer2] live_score_push transient (overdue, exit_code=0 — cron schedule lag, cloud_healer handles) — no action
[2026-06-22T05:28:26Z] [layer2] prematch_scan transient (overdue, exit_code=0 — cron schedule lag, cloud_healer handles) — no action
[2026-06-22T05:28:26Z] [layer2] aggregate_health transient (overdue, exit_code=0 — cron schedule lag, cloud_healer handles) — no action
[2026-06-22T06:08:28Z] [layer2] closing_odds transient (cron lag + gh API timeout at 05:28 UTC, exit_code=0) — no action
[2026-06-22T06:08:28Z] [layer2] live_score_push transient (cron lag + gh API timeout at 05:28 UTC, exit_code=0) — no action
[2026-06-22T06:08:28Z] [layer2] prematch_scan transient (cron lag + gh API timeout at 05:28 UTC, exit_code=0) — no action
[2026-06-22T06:08:28Z] [layer2] aggregate_health transient (cron lag + gh API timeout at 05:28 UTC, exit_code=0) — no action
[2026-06-22 06:14:00 UTC] [auto_heal_ai] analyzing closing_odds (status=stale, fallback=None)
[2026-06-22 06:14:03 UTC] [auto_heal_ai] closing_odds: response → TRANSIENT: No log file present indicates the cron job failed to start or write logs. This is typically caused by a tempo
[2026-06-22 06:14:03 UTC] [auto_heal_ai] closing_odds: transient — no action. TRANSIENT: No log file present indicates the cron job failed to start or write logs. This is typically caused by a temporary execution environment issue, missing dependencies at runtime, or a transient scheduler failure. The 'stale' status with no fallback active suggests the job hasn't completed recently due to a temporary fault rather than a code bug.
[2026-06-22T06:23:31Z] [layer2] closing_odds stale flag — scheduled cadence gap (last 2026-06-21 18:00 CEST, next 2026-06-22 14:00 CEST), no action
[2026-06-22 06:29:04 UTC] [auto_heal_ai] analyzing closing_odds (status=stale, fallback=None)
[2026-06-22 06:29:06 UTC] [auto_heal_ai] closing_odds: response → TRANSIENT: No log file available; stale health status with no fallback indicates the job failed to execute or log output
[2026-06-22 06:29:06 UTC] [auto_heal_ai] closing_odds: transient — no action. TRANSIENT: No log file available; stale health status with no fallback indicates the job failed to execute or log output. This is likely a temporary execution failure, network timeout, or API connectivity issue preventing the closing_odds job from completing.
[2026-06-22 06:44:06 UTC] [auto_heal_ai] analyzing closing_odds (status=stale, fallback=None)
[2026-06-22 06:44:09 UTC] [auto_heal_ai] closing_odds: response → UNCLEAR: No log file available to diagnose the root cause. The 'closing_odds' cron job shows 'stale' health status with 
[2026-06-22 06:44:09 UTC] [auto_heal_ai] closing_odds: unclear — pushing notification
[2026-06-22 06:59:11 UTC] [auto_heal_ai] analyzing closing_odds (status=stale, fallback=None)
[2026-06-22 06:59:14 UTC] [auto_heal_ai] closing_odds: response → UNCLEAR: No log file available to diagnose root cause. The 'closing_odds' cron job has stale health status with no fallb
[2026-06-22 06:59:14 UTC] [auto_heal_ai] closing_odds: unclear — pushing notification
[2026-06-22 07:14:14 UTC] [auto_heal_ai] analyzing closing_odds (status=stale, fallback=None)
[2026-06-22 07:14:17 UTC] [auto_heal_ai] closing_odds: response → TRANSIENT: No log file available; 'stale' status with no fallback indicates the closing_odds job failed to complete with
[2026-06-22 07:14:17 UTC] [auto_heal_ai] closing_odds: transient — no action. TRANSIENT: No log file available; 'stale' status with no fallback indicates the closing_odds job failed to complete within its expected window, likely due to a temporary external dependency issue (API timeout, network connectivity, or data source unavailability).
[2026-06-22 07:29:17 UTC] [auto_heal_ai] analyzing closing_odds (status=stale, fallback=None)
[2026-06-22 07:29:20 UTC] [auto_heal_ai] closing_odds: response → DEGRADED_OK: Job health status is 'stale' with no fallback currently in use (fallback_used: None), indicating the primar
[2026-06-22 07:44:20 UTC] [auto_heal_ai] analyzing closing_odds (status=stale, fallback=None)
[2026-06-22 07:44:23 UTC] [auto_heal_ai] closing_odds: response → TRANSIENT: No log file available; cron job 'closing_odds' marked stale with no fallback triggered. Likely a temporary ex
[2026-06-22 07:44:23 UTC] [auto_heal_ai] closing_odds: transient — no action. TRANSIENT: No log file available; cron job 'closing_odds' marked stale with no fallback triggered. Likely a temporary execution failure (network timeout, API unavailability, or scheduler issue). Monitor next execution cycle.
[2026-06-22 07:59:24 UTC] [auto_heal_ai] analyzing closing_odds (status=stale, fallback=None)
[2026-06-22 07:59:27 UTC] [auto_heal_ai] closing_odds: response → UNCLEAR: No log file available to diagnose the 'closing_odds' cron job stale health status. The absence of logs prevents
[2026-06-22 07:59:27 UTC] [auto_heal_ai] closing_odds: unclear — pushing notification
[2026-06-22T08:10:34Z] [layer2] closing_odds degraded/stale — last run 2026-06-21T18:00 CEST successful (exit 0), next due 2026-06-22T14:00 CEST; health threshold 43200s too tight for 14h overnight gap — monitoring
[2026-06-22 08:14:27 UTC] [auto_heal_ai] analyzing closing_odds (status=stale, fallback=None)
[2026-06-22 08:14:30 UTC] [auto_heal_ai] closing_odds: response → UNCLEAR: No log file available to diagnose root cause. Health status is 'stale' with no fallback active, suggesting the 
[2026-06-22 08:14:30 UTC] [auto_heal_ai] closing_odds: unclear — pushing notification
[2026-06-22T08:23:09Z] [layer2] closing_odds degraded/stale — same overnight gap, next due 2026-06-22T14:00 CEST, monitoring
[2026-06-22 08:29:30 UTC] [auto_heal_ai] analyzing closing_odds (status=stale, fallback=None)
[2026-06-22 08:29:33 UTC] [auto_heal_ai] closing_odds: response → UNCLEAR: No log file available to diagnose root cause. The 'closing_odds' cron job has stale health status with no fallb
[2026-06-22 08:29:33 UTC] [auto_heal_ai] closing_odds: unclear — pushing notification
[2026-06-22T08:38:17Z] [layer2] closing_odds degraded/stale — overnight gap (last ok 2026-06-21T18:00 CEST), next due 2026-06-22T14:00 CEST — monitoring
[2026-06-22 08:44:34 UTC] [auto_heal_ai] analyzing closing_odds (status=stale, fallback=None)
[2026-06-22 08:44:37 UTC] [auto_heal_ai] closing_odds: response → UNCLEAR: No log file available to diagnose root cause. Health status is 'stale' with no fallback active, indicating the 
[2026-06-22 08:44:37 UTC] [auto_heal_ai] closing_odds: unclear — pushing notification
[2026-06-22T08:53:35Z] [layer2] closing_odds stale — overnight gap 18:00→14:00 CEST (~20h) exceeds 43200s threshold but is expected (cadence 2×/Tag); last run exit_code=0 — monitoring
[2026-06-22 08:59:37 UTC] [auto_heal_ai] analyzing closing_odds (status=stale, fallback=None)
[2026-06-22 08:59:40 UTC] [auto_heal_ai] closing_odds: response → DEGRADED_OK: Cron job 'closing_odds' has stale health status with no fallback currently active (fallback_used: None), in
[2026-06-22 09:14:40 UTC] [auto_heal_ai] analyzing closing_odds (status=stale, fallback=None)
[2026-06-22 09:14:44 UTC] [auto_heal_ai] closing_odds: response → UNCLEAR: No log file available to diagnose the cause of the 'closing_odds' cron job staleness. Unable to determine if th
[2026-06-22 09:14:44 UTC] [auto_heal_ai] closing_odds: unclear — pushing notification
[2026-06-22T09:16:51Z] [layer2] closing_odds stale — overnight gap 18:00→14:00 CEST (~20h) exceeds 43200s threshold but is expected (cadence 2×/Tag); last run exit_code=0 — monitoring
[2026-06-22T09:23:10Z] [layer2] closing_odds stale — overnight gap 18:00→14:00 CEST (~20h) exceeds 43200s threshold but is expected (cadence 2×/Tag); last run exit_code=0 — monitoring
[2026-06-22 09:29:44 UTC] [auto_heal_ai] analyzing closing_odds (status=stale, fallback=None)
[2026-06-22 09:29:47 UTC] [auto_heal_ai] closing_odds: response → TRANSIENT: No log file available; health status 'stale' with no fallback indicates the closing_odds cron job failed to e
[2026-06-22 09:29:47 UTC] [auto_heal_ai] closing_odds: transient — no action. TRANSIENT: No log file available; health status 'stale' with no fallback indicates the closing_odds cron job failed to execute or report recent results. This is consistent with a temporary execution failure, network issue, or API unavailability rather than a code bug.
[2026-06-22T09:39:01Z] [layer2] closing_odds stale — RECURRING FALSE POSITIVE (5th time today): fix needed in src/monitoring/health_writer.py line 34: change interval_s from 12*3600 to 20*3600 to cover overnight gap 18:00→14:00 CEST; out of scripts/ scope — human review needed
[2026-06-22 09:44:47 UTC] [auto_heal_ai] analyzing closing_odds (status=stale, fallback=None)
[2026-06-22 09:44:50 UTC] [auto_heal_ai] closing_odds: response → UNCLEAR: No log file available to diagnose the stale health status. The cron job 'closing_odds' is not producing logs, w
[2026-06-22 09:44:50 UTC] [auto_heal_ai] closing_odds: unclear — pushing notification
[2026-06-22 09:59:50 UTC] [auto_heal_ai] analyzing closing_odds (status=stale, fallback=None)
[2026-06-22 09:59:53 UTC] [auto_heal_ai] closing_odds: response → TRANSIENT: No log file available; 'stale' status with no fallback suggests the job failed to execute or log output. This
[2026-06-22 09:59:53 UTC] [auto_heal_ai] closing_odds: transient — no action. TRANSIENT: No log file available; 'stale' status with no fallback suggests the job failed to execute or log output. This indicates a temporary execution failure (network timeout, service unavailability, or scheduling issue) rather than a persistent code bug.
[2026-06-22 10:14:53 UTC] [auto_heal_ai] analyzing closing_odds (status=stale, fallback=None)
[2026-06-22 10:14:56 UTC] [auto_heal_ai] closing_odds: response → UNCLEAR: No log file available to diagnose root cause. Health status is 'stale' with no fallback in use, but missing log
[2026-06-22 10:14:56 UTC] [auto_heal_ai] closing_odds: unclear — pushing notification
[2026-06-22 10:29:56 UTC] [auto_heal_ai] analyzing closing_odds (status=stale, fallback=None)
[2026-06-22 10:29:59 UTC] [auto_heal_ai] closing_odds: response → UNCLEAR: No log file available to diagnose root cause. The 'closing_odds' cron job has a stale health status with no fal
[2026-06-22 10:29:59 UTC] [auto_heal_ai] closing_odds: unclear — pushing notification
[2026-06-22 10:44:59 UTC] [auto_heal_ai] analyzing closing_odds (status=stale, fallback=None)
[2026-06-22 10:45:02 UTC] [auto_heal_ai] closing_odds: response → UNCLEAR: No log file available to diagnose root cause. The 'closing_odds' cron job shows 'stale' health status with no f
[2026-06-22 10:45:02 UTC] [auto_heal_ai] closing_odds: unclear — pushing notification
[2026-06-22 11:00:03 UTC] [auto_heal_ai] analyzing closing_odds (status=stale, fallback=None)
[2026-06-22 11:00:06 UTC] [auto_heal_ai] closing_odds: response → UNCLEAR: No log file available to diagnose root cause. The 'closing_odds' cron job shows 'stale' health status with no f
[2026-06-22 11:00:06 UTC] [auto_heal_ai] closing_odds: unclear — pushing notification
[2026-06-22 11:15:07 UTC] [auto_heal_ai] analyzing closing_odds (status=stale, fallback=None)
[2026-06-22 11:15:10 UTC] [auto_heal_ai] closing_odds: response → UNCLEAR: No log file available to diagnose root cause. The 'closing_odds' cron job shows stale health status without fal
[2026-06-22 11:15:10 UTC] [auto_heal_ai] closing_odds: unclear — pushing notification
[2026-06-22 11:30:10 UTC] [auto_heal_ai] analyzing closing_odds (status=stale, fallback=None)
[2026-06-22 11:30:14 UTC] [auto_heal_ai] closing_odds: response → UNCLEAR: No log file available to diagnose root cause. The 'closing_odds' cron job is stale with no fallback active (fal
[2026-06-22 11:30:14 UTC] [auto_heal_ai] closing_odds: unclear — pushing notification
[2026-06-22 11:45:14 UTC] [auto_heal_ai] analyzing closing_odds (status=stale, fallback=None)
[2026-06-22 11:45:17 UTC] [auto_heal_ai] closing_odds: response → UNCLEAR: No log file available to diagnose root cause. The 'stale' health status with no fallback_used indicates the job
[2026-06-22 11:45:17 UTC] [auto_heal_ai] closing_odds: unclear — pushing notification
[2026-06-22 12:00:17 UTC] [auto_heal_ai] analyzing closing_odds (status=stale, fallback=None)
[2026-06-22 12:00:20 UTC] [auto_heal_ai] closing_odds: response → TRANSIENT: No log file available; stale health status with no fallback indicates the cron job failed to execute or compl
[2026-06-22 12:00:20 UTC] [auto_heal_ai] closing_odds: transient — no action. TRANSIENT: No log file available; stale health status with no fallback indicates the cron job failed to execute or complete within the expected interval. This is likely a temporary execution failure (network timeout, API unavailability, or scheduler issue) rather than a code bug.
[2026-06-22 14:04:39 CEST] [auto_heal] 1 commit(s) not pushed — running _git_safe_push.sh
[2026-06-22 14:14:39 CEST] [auto_heal] 1 commit(s) not pushed — running _git_safe_push.sh
[2026-06-22 14:24:39 CEST] [auto_heal] 1 commit(s) not pushed — running _git_safe_push.sh
[2026-06-22 14:34:39 CEST] [auto_heal] 1 commit(s) not pushed — running _git_safe_push.sh
[2026-06-22 14:44:40 CEST] [auto_heal] 1 commit(s) not pushed — running _git_safe_push.sh
[2026-06-22 17:14:43 CEST] [auto_heal] 1 commit(s) not pushed — running _git_safe_push.sh
[2026-06-22 17:24:43 CEST] [auto_heal] 1 commit(s) not pushed — running _git_safe_push.sh
[2026-06-22T15:44:30Z] [layer2] prematch_scan degraded/fallback (espn) — monitoring
[2026-06-22 15:45:21 UTC] [auto_heal_ai] analyzing prematch_scan (status=degraded, fallback=espn)
[2026-06-22 15:45:24 UTC] [auto_heal_ai] prematch_scan: response → DEGRADED_OK: Fallback to ESPN is active and functioning; prematch_scan is operating in degraded mode but completing succ
[2026-06-22T15:57:00Z] [layer2] prematch_scan degraded/fallback (espn) — monitoring
[2026-06-22 16:00:24 UTC] [auto_heal_ai] analyzing prematch_scan (status=degraded, fallback=espn)
[2026-06-22 16:00:28 UTC] [auto_heal_ai] prematch_scan: response → DEGRADED_OK: Fallback to ESPN data source is active. Primary data source unavailable but job continues functioning with 
[2026-06-22T16:09:31Z] [layer2] prematch_scan degraded/fallback (espn — sofascore 429 quota exhausted) — monitoring
[2026-06-22 16:15:28 UTC] [auto_heal_ai] analyzing prematch_scan (status=degraded, fallback=espn)
[2026-06-22 16:15:31 UTC] [auto_heal_ai] prematch_scan: response → DEGRADED_OK: Fallback to ESPN is active and functioning. The 'prematch_scan' cron job is operating in degraded mode but 
[2026-06-22T16:23:08Z] [layer2] prematch_scan degraded/fallback (espn — sofascore 429 quota exhausted) — monitoring
[2026-06-22T16:48:12Z] [layer2] aggregate_health transient (stale — ~12min launchd gap, likely Mac sleep; cron resumed at 16:44:55Z, self-resolves on next tick) — no action
[2026-06-22 18:55:12 CEST] [auto_heal] 1 commit(s) not pushed — running _git_safe_push.sh
[2026-06-22 21:34:00 UTC] [cloud_healer] live_score_push: status=stale — triggere live_score_push.yml
[2026-06-22 21:34:02 UTC] [cloud_healer] live_score_push: erfolgreich ausgelöst
[2026-06-22 21:34:02 UTC] [cloud_healer] prematch_scan: status=stale — triggere prematch_scan.yml
[2026-06-22 21:34:03 UTC] [cloud_healer] prematch_scan: erfolgreich ausgelöst
[2026-06-22 21:34:04 UTC] [cloud_healer] settle: status=stale — triggere settle.yml
[2026-06-22 21:34:05 UTC] [cloud_healer] settle: erfolgreich ausgelöst
[2026-06-22 23:26:28 UTC] [cloud_healer] live_score_push: status=stale — triggere live_score_push.yml
[2026-06-22 23:26:30 UTC] [cloud_healer] live_score_push: erfolgreich ausgelöst
[2026-06-22 23:26:30 UTC] [cloud_healer] prematch_scan: status=stale — triggere prematch_scan.yml
[2026-06-22 23:26:31 UTC] [cloud_healer] prematch_scan: erfolgreich ausgelöst
[2026-06-22 23:26:32 UTC] [cloud_healer] settle: status=stale — triggere settle.yml
[2026-06-22 23:26:33 UTC] [cloud_healer] settle: erfolgreich ausgelöst
[2026-06-23 01:32:52 UTC] [cloud_healer] live_score_push: status=stale — triggere live_score_push.yml
[2026-06-23 01:32:53 UTC] [cloud_healer] live_score_push: erfolgreich ausgelöst
[2026-06-23 01:32:53 UTC] [cloud_healer] prematch_scan: status=stale — triggere prematch_scan.yml
[2026-06-23 01:32:54 UTC] [cloud_healer] prematch_scan: erfolgreich ausgelöst
[2026-06-23 01:32:54 UTC] [cloud_healer] settle: status=stale — triggere settle.yml
[2026-06-23 01:32:56 UTC] [cloud_healer] settle: erfolgreich ausgelöst
